<?xml version="1.0" encoding="UTF-8"?>
<testng-results ignored="0" total="1" passed="1" failed="0" skipped="0">
  <reporter-output>
  </reporter-output>
  <suite started-at="2022-04-27T21:02:34 IST" name="Default suite" finished-at="2022-04-27T21:02:51 IST" duration-ms="16453">
    <groups>
    </groups>
    <test started-at="2022-04-27T21:02:34 IST" name="Default test" finished-at="2022-04-27T21:02:51 IST" duration-ms="16453">
      <class name="testCases.HRCalendarPageTestCase">
        <test-method is-config="true" signature="beforeMethod()[pri:0, instance:testCases.HRCalendarPageTestCase@1a451d4d]" started-at="2022-04-27T21:02:34 IST" name="beforeMethod" finished-at="2022-04-27T21:02:39 IST" duration-ms="4780" status="PASS">
          <reporter-output>
          </reporter-output>
        </test-method> <!-- beforeMethod -->
        <test-method signature="verifyHRCalendarHolidaysTC01()[pri:0, instance:testCases.HRCalendarPageTestCase@1a451d4d]" started-at="2022-04-27T21:02:39 IST" name="verifyHRCalendarHolidaysTC01" finished-at="2022-04-27T21:02:51 IST" duration-ms="11563" status="PASS">
          <reporter-output>
          </reporter-output>
        </test-method> <!-- verifyHRCalendarHolidaysTC01 -->
        <test-method is-config="true" signature="afterMethod(org.testng.ITestResult)[pri:0, instance:testCases.HRCalendarPageTestCase@1a451d4d]" started-at="2022-04-27T21:02:51 IST" name="afterMethod" finished-at="2022-04-27T21:02:51 IST" duration-ms="77" status="PASS">
          <params>
            <param index="0">
              <value>
                <![CDATA[[TestResult name=verifyHRCalendarHolidaysTC01 status=SUCCESS method=HRCalendarPageTestCase.verifyHRCalendarHolidaysTC01()[pri:0, instance:testCases.HRCalendarPageTestCase@1a451d4d] output={null}]]]>
              </value>
            </param>
          </params>
          <reporter-output>
          </reporter-output>
        </test-method> <!-- afterMethod -->
      </class> <!-- testCases.HRCalendarPageTestCase -->
    </test> <!-- Default test -->
  </suite> <!-- Default suite -->
</testng-results>
